<?xml version="1.0" encoding="UTF-8"?>
<coverage generated="1478263477304" clover="3.2.0">
  <project timestamp="1478263477304" name="All files">
    <metrics statements="13" coveredstatements="11" conditionals="8" coveredconditionals="6" methods="8" coveredmethods="7" elements="29" coveredelements="24" complexity="0" loc="13" ncloc="13" packages="1" files="1" classes="1">
      <file name="index.js" path="/home/toni/projects/osing/r-editable/src/index.js">
        <metrics statements="13" coveredstatements="11" conditionals="8" coveredconditionals="6" methods="8" coveredmethods="7"/>
        <line num="5" count="1" type="stmt"/>
        <line num="6" count="1" type="stmt"/>
        <line num="11" count="2" type="stmt"/>
        <line num="16" count="3" type="stmt"/>
        <line num="17" count="2" type="stmt"/>
        <line num="22" count="1" type="stmt"/>
        <line num="30" count="1" type="stmt"/>
        <line num="34" count="1" type="stmt"/>
        <line num="37" count="2" type="stmt"/>
        <line num="38" count="0" type="stmt"/>
        <line num="39" count="2" type="stmt"/>
        <line num="46" count="0" type="stmt"/>
        <line num="54" count="2" type="stmt"/>
      </file>
    </metrics>
  </project>
</coverage>
