<?xml version="1.0" encoding="UTF-8"?>
<coverage generated="1478262470788" clover="3.2.0">
  <project timestamp="1478262470788" name="All files">
    <metrics statements="14" coveredstatements="11" conditionals="8" coveredconditionals="6" methods="8" coveredmethods="6" elements="30" coveredelements="23" complexity="0" loc="14" ncloc="14" packages="1" files="1" classes="1">
      <file name="index.js" path="/home/toni/projects/osing/r-editable/src/index.js">
        <metrics statements="14" coveredstatements="11" conditionals="8" coveredconditionals="6" methods="8" coveredmethods="6"/>
        <line num="5" count="1" type="stmt"/>
        <line num="6" count="1" type="stmt"/>
        <line num="11" count="2" type="stmt"/>
        <line num="15" count="2" type="stmt"/>
        <line num="16" count="2" type="stmt"/>
        <line num="17" count="1" type="stmt"/>
        <line num="22" count="1" type="stmt"/>
        <line num="30" count="0" type="stmt"/>
        <line num="34" count="1" type="stmt"/>
        <line num="37" count="1" type="stmt"/>
        <line num="38" count="0" type="stmt"/>
        <line num="39" count="1" type="stmt"/>
        <line num="46" count="0" type="stmt"/>
        <line num="54" count="1" type="stmt"/>
      </file>
    </metrics>
  </project>
</coverage>
