{"/home/toni/projects/osing/r-editable/src/index.js": {"path":"/home/toni/projects/osing/r-editable/src/index.js","statementMap":{"0":{"start":{"line":5,"column":4},"end":{"line":5,"column":16}},"1":{"start":{"line":6,"column":4},"end":{"line":10,"column":5}},"2":{"start":{"line":11,"column":4},"end":{"line":11,"column":75}},"3":{"start":{"line":11,"column":48},"end":{"line":11,"column":74}},"4":{"start":{"line":15,"column":4},"end":{"line":15,"column":37}},"5":{"start":{"line":16,"column":4},"end":{"line":27,"column":5}},"6":{"start":{"line":17,"column":6},"end":{"line":19,"column":7}},"7":{"start":{"line":22,"column":6},"end":{"line":26,"column":7}},"8":{"start":{"line":30,"column":4},"end":{"line":30,"column":42}},"9":{"start":{"line":34,"column":4},"end":{"line":34,"column":36}},"10":{"start":{"line":37,"column":4},"end":{"line":40,"column":5}},"11":{"start":{"line":38,"column":23},"end":{"line":38,"column":60}},"12":{"start":{"line":39,"column":20},"end":{"line":39,"column":54}},"13":{"start":{"line":46,"column":4},"end":{"line":51,"column":5}},"14":{"start":{"line":54,"column":4},"end":{"line":56,"column":5}}},"fnMap":{"0":{"name":"(anonymous_0)","decl":{"start":{"line":4,"column":2},"end":{"line":4,"column":3}},"loc":{"start":{"line":4,"column":20},"end":{"line":12,"column":3}}},"1":{"name":"(anonymous_1)","decl":{"start":{"line":11,"column":43},"end":{"line":11,"column":44}},"loc":{"start":{"line":11,"column":48},"end":{"line":11,"column":74}}},"2":{"name":"(anonymous_2)","decl":{"start":{"line":13,"column":2},"end":{"line":13,"column":3}},"loc":{"start":{"line":13,"column":10},"end":{"line":28,"column":3}}},"3":{"name":"(anonymous_3)","decl":{"start":{"line":29,"column":2},"end":{"line":29,"column":3}},"loc":{"start":{"line":29,"column":14},"end":{"line":31,"column":3}}},"4":{"name":"(anonymous_4)","decl":{"start":{"line":32,"column":2},"end":{"line":32,"column":3}},"loc":{"start":{"line":32,"column":13},"end":{"line":35,"column":3}}},"5":{"name":"(anonymous_5)","decl":{"start":{"line":36,"column":2},"end":{"line":36,"column":3}},"loc":{"start":{"line":36,"column":18},"end":{"line":44,"column":3}}},"6":{"name":"(anonymous_6)","decl":{"start":{"line":45,"column":2},"end":{"line":45,"column":3}},"loc":{"start":{"line":45,"column":18},"end":{"line":52,"column":3}}},"7":{"name":"(anonymous_7)","decl":{"start":{"line":53,"column":2},"end":{"line":53,"column":3}},"loc":{"start":{"line":53,"column":15},"end":{"line":57,"column":3}}}},"branchMap":{"0":{"loc":{"start":{"line":8,"column":13},"end":{"line":8,"column":37}},"type":"binary-expr","locations":[{"start":{"line":8,"column":13},"end":{"line":8,"column":24}},{"start":{"line":8,"column":28},"end":{"line":8,"column":37}}]},"1":{"loc":{"start":{"line":9,"column":12},"end":{"line":9,"column":33}},"type":"binary-expr","locations":[{"start":{"line":9,"column":12},"end":{"line":9,"column":22}},{"start":{"line":9,"column":26},"end":{"line":9,"column":33}}]},"2":{"loc":{"start":{"line":16,"column":4},"end":{"line":27,"column":5}},"type":"if","locations":[{"start":{"line":16,"column":4},"end":{"line":27,"column":5}},{"start":{"line":16,"column":4},"end":{"line":27,"column":5}}]},"3":{"loc":{"start":{"line":37,"column":4},"end":{"line":40,"column":5}},"type":"switch","locations":[{"start":{"line":38,"column":6},"end":{"line":38,"column":60}},{"start":{"line":39,"column":6},"end":{"line":39,"column":54}}]}},"s":{"0":1,"1":1,"2":1,"3":2,"4":2,"5":2,"6":1,"7":1,"8":0,"9":1,"10":1,"11":0,"12":1,"13":0,"14":1},"f":{"0":1,"1":2,"2":2,"3":0,"4":1,"5":1,"6":0,"7":1},"b":{"0":[1,0],"1":[1,1],"2":[1,1],"3":[0,1]},"_coverageSchema":"332fd63041d2c1bcb487cc26dd0d5f7d97098a6c","hash":"a3bcc0e2cfa614328cf360d61f0b166a99256703"}
}
