TN:
SF:/home/toni/projects/osing/r-editable/src/index.js
FN:4,(anonymous_0)
FN:11,(anonymous_1)
FN:13,(anonymous_2)
FN:29,(anonymous_3)
FN:32,(anonymous_4)
FN:36,(anonymous_5)
FN:45,(anonymous_6)
FN:53,(anonymous_7)
FNF:8
FNH:6
FNDA:1,(anonymous_0)
FNDA:2,(anonymous_1)
FNDA:2,(anonymous_2)
FNDA:0,(anonymous_3)
FNDA:1,(anonymous_4)
FNDA:1,(anonymous_5)
FNDA:0,(anonymous_6)
FNDA:1,(anonymous_7)
DA:5,1
DA:6,1
DA:11,2
DA:15,2
DA:16,2
DA:17,1
DA:22,1
DA:30,0
DA:34,1
DA:37,1
DA:38,0
DA:39,1
DA:46,0
DA:54,1
LF:14
LH:11
BRDA:8,0,0,1
BRDA:8,0,1,0
BRDA:9,1,0,1
BRDA:9,1,1,1
BRDA:16,2,0,1
BRDA:16,2,1,1
BRDA:37,3,0,0
BRDA:37,3,1,1
BRF:8
BRH:6
end_of_record
